<?xml version="1.0" encoding="UTF-8"?>
<testsuite xmlns:xsi="http://www.w3.org/2001/XMLSchema-instance" xsi:noNamespaceSchemaLocation="https://maven.apache.org/surefire/maven-surefire-plugin/xsd/surefire-test-report.xsd" version="3.0.2" name="br.com.felipe.services.PersonServicesTest" time="2.339" tests="7" errors="0" skipped="0" failures="0">
  <properties>
[...]
</properties>
  <testcase name="create" classname="br.com.felipe.services.PersonServicesTest" time="2.145">
    <system-out><![CDATA[17:53:24.087 [main] INFO br.com.felipe.services.PersonServices -- Creating one Person!
17:53:24.095 [main] INFO com.github.dozermapper.core.util.RuntimeUtils -- OSGi support is false
17:53:24.105 [main] INFO com.github.dozermapper.core.DozerBeanMapperBuilder -- Initializing Dozer. Version: 7.0.0, Thread Name: main
17:53:24.108 [main] INFO com.github.dozermapper.core.config.resolvers.LegacyPropertiesSettingsResolver -- Trying to find Dozer configuration file: dozer.properties
17:53:24.109 [main] INFO com.github.dozermapper.core.config.resolvers.LegacyPropertiesSettingsResolver -- Failed to find dozer.properties via com.github.dozermapper.core.config.resolvers.LegacyPropertiesSettingsResolver.
17:53:24.112 [main] INFO com.github.dozermapper.core.el.ELExpressionFactory -- jakarta.el is not supported; Failed to resolve ExpressionFactory, com.sun.el.ExpressionFactoryImpl
]]></system-out>
    <system-err><![CDATA[Mockito is currently self-attaching to enable the inline-mock-maker. This will no longer work in future releases of the JDK. Please add Mockito as an agent to your build what is described in Mockito's documentation: https://javadoc.io/doc/org.mockito/mockito-core/latest/org/mockito/Mockito.html#0.3
WARNING: A Java agent has been loaded dynamically (C:\Users\felip\.m2\repository\net\bytebuddy\byte-buddy-agent\1.15.10\byte-buddy-agent-1.15.10.jar)
WARNING: If a serviceability tool is in use, please run with -XX:+EnableDynamicAgentLoading to hide this warning
WARNING: If a serviceability tool is not in use, please run with -Djdk.instrument.traceUsage for more information
WARNING: Dynamic loading of agents will be disallowed by default in a future release
]]></system-err>
  </testcase>
  <testcase name="delete" classname="br.com.felipe.services.PersonServicesTest" time="0.026">
    <system-out><![CDATA[17:53:25.019 [main] INFO br.com.felipe.services.PersonServices -- Deleting one Person!
]]></system-out>
  </testcase>
  <testcase name="findAll" classname="br.com.felipe.services.PersonServicesTest" time="0.078">
    <system-out><![CDATA[17:53:25.044 [main] INFO br.com.felipe.services.PersonServices -- Finding all People!
]]></system-out>
  </testcase>
  <testcase name="update" classname="br.com.felipe.services.PersonServicesTest" time="0.018">
    <system-out><![CDATA[17:53:25.124 [main] INFO br.com.felipe.services.PersonServices -- Updating one Person!
]]></system-out>
  </testcase>
  <testcase name="findById" classname="br.com.felipe.services.PersonServicesTest" time="0.021">
    <system-out><![CDATA[17:53:25.147 [main] INFO br.com.felipe.services.PersonServices -- Finding one Person!
]]></system-out>
  </testcase>
  <testcase name="testUpdateWithNullPerson" classname="br.com.felipe.services.PersonServicesTest" time="0.011"/>
  <testcase name="testCreateWithNullPerson" classname="br.com.felipe.services.PersonServicesTest" time="0.005"/>
</testsuite>